<?xml version="1.0"?>
<testsuites>
  <testsuite name="PhantomJS 1.9.7 (Mac OS X)" package="unit" timestamp="2014-08-27T13:50:55" id="0" hostname="Andres-MacBook-Pro-2.local" tests="9" errors="0" failures="0" time="0.04">
    <properties>
      <property name="browser.fullName" value="Mozilla/5.0 (Macintosh; Intel Mac OS X) AppleWebKit/534.34 (KHTML, like Gecko) PhantomJS/1.9.7 Safari/534.34"/>
    </properties>
    <testcase name="should create the controller on a page with a hash and load the task" time="0.016" classname="unit PhantomJS 1.9.7 (Mac OS X).mobbr-lightbox_controllers: PaymentController"/>
    <testcase name="should correct the url from the response" time="0.002" classname="unit PhantomJS 1.9.7 (Mac OS X).mobbr-lightbox_controllers: PaymentController"/>
    <testcase name="should preview the payment even when the user is not loggedin" time="0.002" classname="unit PhantomJS 1.9.7 (Mac OS X).mobbr-lightbox_controllers: PaymentController"/>
    <testcase name="should not preview when there is no amount entered" time="0.002" classname="unit PhantomJS 1.9.7 (Mac OS X).mobbr-lightbox_controllers: PaymentController"/>
    <testcase name="should login" time="0.003" classname="unit PhantomJS 1.9.7 (Mac OS X).mobbr-lightbox_controllers: PaymentController"/>
    <testcase name="should login then preview and the confirm" time="0.003" classname="unit PhantomJS 1.9.7 (Mac OS X).mobbr-lightbox_controllers: PaymentController"/>
    <testcase name="should just preview and perform when already loggedin" time="0.005" classname="unit PhantomJS 1.9.7 (Mac OS X).mobbr-lightbox_controllers: PaymentController"/>
    <testcase name="should reset performing when performing fails and set the error message" time="0.002" classname="unit PhantomJS 1.9.7 (Mac OS X).mobbr-lightbox_controllers: PaymentController"/>
    <testcase name="should not make a localeString presentation when the user is not loggedin" time="0.005" classname="unit PhantomJS 1.9.7 (Mac OS X).mobbr-lightbox_filters - decorateAmount"/>
    <system-out><![CDATA[
]]></system-out>
    <system-err/>
  </testsuite>
</testsuites>
